{"/Users/liunuodi/Desktop/RealTimeTickingSystem/backend/src/controllers/auth.controller.ts": {"path":"/Users/liunuodi/Desktop/RealTimeTickingSystem/backend/src/controllers/auth.controller.ts","statementMap":{"0":{"start":{"line":2,"column":0},"end":{"line":2,"column":39}},"1":{"start":{"line":3,"column":0},"end":{"line":3,"column":55}},"2":{"start":{"line":4,"column":0},"end":{"line":4,"column":null}},"3":{"start":{"line":12,"column":4},"end":{"line":14,"column":5}},"4":{"start":{"line":13,"column":6},"end":{"line":13,"column":47}},"5":{"start":{"line":16,"column":19},"end":{"line":16,"column":30}},"6":{"start":{"line":17,"column":30},"end":{"line":17,"column":68}},"7":{"start":{"line":19,"column":4},"end":{"line":22,"column":7}},"8":{"start":{"line":26,"column":40},"end":{"line":26,"column":48}},"9":{"start":{"line":29,"column":4},"end":{"line":33,"column":5}},"10":{"start":{"line":30,"column":6},"end":{"line":32,"column":8}},"11":{"start":{"line":31,"column":52},"end":{"line":31,"column":64}},"12":{"start":{"line":36,"column":19},"end":{"line":36,"column":53}},"13":{"start":{"line":37,"column":4},"end":{"line":39,"column":5}},"14":{"start":{"line":38,"column":6},"end":{"line":38,"column":60}},"15":{"start":{"line":42,"column":21},"end":{"line":44,"column":6}},"16":{"start":{"line":45,"column":4},"end":{"line":47,"column":5}},"17":{"start":{"line":46,"column":6},"end":{"line":46,"column":41}},"18":{"start":{"line":50,"column":18},"end":{"line":57,"column":6}},"19":{"start":{"line":60,"column":20},"end":{"line":60,"column":71}},"20":{"start":{"line":62,"column":4},"end":{"line":62,"column":40}},"21":{"start":{"line":66,"column":27},"end":{"line":66,"column":35}},"22":{"start":{"line":69,"column":4},"end":{"line":71,"column":5}},"23":{"start":{"line":70,"column":6},"end":{"line":70,"column":50}},"24":{"start":{"line":74,"column":18},"end":{"line":76,"column":6}},"25":{"start":{"line":77,"column":4},"end":{"line":79,"column":5}},"26":{"start":{"line":78,"column":6},"end":{"line":78,"column":54}},"27":{"start":{"line":82,"column":20},"end":{"line":82,"column":71}},"28":{"start":{"line":84,"column":4},"end":{"line":84,"column":40}},"29":{"start":{"line":88,"column":25},"end":{"line":88,"column":53}},"30":{"start":{"line":89,"column":4},"end":{"line":91,"column":5}},"31":{"start":{"line":90,"column":6},"end":{"line":90,"column":56}},"32":{"start":{"line":93,"column":20},"end":{"line":93,"column":66}},"33":{"start":{"line":94,"column":4},"end":{"line":96,"column":5}},"34":{"start":{"line":95,"column":6},"end":{"line":95,"column":67}},"35":{"start":{"line":98,"column":4},"end":{"line":98,"column":58}},"36":{"start":{"line":102,"column":25},"end":{"line":102,"column":55}},"37":{"start":{"line":103,"column":22},"end":{"line":103,"column":74}},"38":{"start":{"line":105,"column":4},"end":{"line":108,"column":5}},"39":{"start":{"line":107,"column":6},"end":{"line":107,"column":56}},"40":{"start":{"line":111,"column":4},"end":{"line":116,"column":5}},"41":{"start":{"line":112,"column":6},"end":{"line":112,"column":62}},"42":{"start":{"line":112,"column":21},"end":{"line":112,"column":62}},"43":{"start":{"line":113,"column":6},"end":{"line":113,"column":62}},"44":{"start":{"line":115,"column":6},"end":{"line":115,"column":62}},"45":{"start":{"line":119,"column":4},"end":{"line":119,"column":74}},"46":{"start":{"line":121,"column":4},"end":{"line":121,"column":34}},"47":{"start":{"line":10,"column":0},"end":{"line":10,"column":13}}},"fnMap":{"0":{"name":"(anonymous_0)","decl":{"start":{"line":11,"column":2},"end":{"line":11,"column":8}},"loc":{"start":{"line":11,"column":55},"end":{"line":23,"column":3}}},"1":{"name":"(anonymous_1)","decl":{"start":{"line":25,"column":2},"end":{"line":25,"column":8}},"loc":{"start":{"line":25,"column":51},"end":{"line":63,"column":3}}},"2":{"name":"(anonymous_2)","decl":{"start":{"line":31,"column":47},"end":{"line":31,"column":48}},"loc":{"start":{"line":31,"column":52},"end":{"line":31,"column":64}}},"3":{"name":"(anonymous_3)","decl":{"start":{"line":65,"column":2},"end":{"line":65,"column":8}},"loc":{"start":{"line":65,"column":48},"end":{"line":85,"column":3}}},"4":{"name":"(anonymous_4)","decl":{"start":{"line":87,"column":2},"end":{"line":87,"column":8}},"loc":{"start":{"line":87,"column":50},"end":{"line":99,"column":3}}},"5":{"name":"(anonymous_5)","decl":{"start":{"line":101,"column":2},"end":{"line":101,"column":8}},"loc":{"start":{"line":101,"column":49},"end":{"line":122,"column":3}}}},"branchMap":{"0":{"loc":{"start":{"line":12,"column":4},"end":{"line":14,"column":5}},"type":"if","locations":[{"start":{"line":12,"column":4},"end":{"line":14,"column":5}},{"start":{},"end":{}}]},"1":{"loc":{"start":{"line":29,"column":4},"end":{"line":33,"column":5}},"type":"if","locations":[{"start":{"line":29,"column":4},"end":{"line":33,"column":5}},{"start":{},"end":{}}]},"2":{"loc":{"start":{"line":29,"column":8},"end":{"line":29,"column":38}},"type":"binary-expr","locations":[{"start":{"line":29,"column":8},"end":{"line":29,"column":14}},{"start":{"line":29,"column":18},"end":{"line":29,"column":29}},{"start":{"line":29,"column":33},"end":{"line":29,"column":38}}]},"3":{"loc":{"start":{"line":37,"column":4},"end":{"line":39,"column":5}},"type":"if","locations":[{"start":{"line":37,"column":4},"end":{"line":39,"column":5}},{"start":{},"end":{}}]},"4":{"loc":{"start":{"line":45,"column":4},"end":{"line":47,"column":5}},"type":"if","locations":[{"start":{"line":45,"column":4},"end":{"line":47,"column":5}},{"start":{},"end":{}}]},"5":{"loc":{"start":{"line":69,"column":4},"end":{"line":71,"column":5}},"type":"if","locations":[{"start":{"line":69,"column":4},"end":{"line":71,"column":5}},{"start":{},"end":{}}]},"6":{"loc":{"start":{"line":77,"column":4},"end":{"line":79,"column":5}},"type":"if","locations":[{"start":{"line":77,"column":4},"end":{"line":79,"column":5}},{"start":{},"end":{}}]},"7":{"loc":{"start":{"line":89,"column":4},"end":{"line":91,"column":5}},"type":"if","locations":[{"start":{"line":89,"column":4},"end":{"line":91,"column":5}},{"start":{},"end":{}}]},"8":{"loc":{"start":{"line":94,"column":4},"end":{"line":96,"column":5}},"type":"if","locations":[{"start":{"line":94,"column":4},"end":{"line":96,"column":5}},{"start":{},"end":{}}]},"9":{"loc":{"start":{"line":102,"column":25},"end":{"line":102,"column":55}},"type":"cond-expr","locations":[{"start":{"line":102,"column":36},"end":{"line":102,"column":39}},{"start":{"line":102,"column":36},"end":{"line":102,"column":55}}]},"10":{"loc":{"start":{"line":102,"column":25},"end":{"line":102,"column":39}},"type":"binary-expr","locations":[{"start":{"line":102,"column":25},"end":{"line":102,"column":39}},{"start":{"line":102,"column":36},"end":{"line":102,"column":39}}]},"11":{"loc":{"start":{"line":103,"column":29},"end":{"line":103,"column":48}},"type":"binary-expr","locations":[{"start":{"line":103,"column":29},"end":{"line":103,"column":42}},{"start":{"line":103,"column":46},"end":{"line":103,"column":48}}]},"12":{"loc":{"start":{"line":105,"column":4},"end":{"line":108,"column":5}},"type":"if","locations":[{"start":{"line":105,"column":4},"end":{"line":108,"column":5}},{"start":{},"end":{}}]},"13":{"loc":{"start":{"line":105,"column":8},"end":{"line":105,"column":35}},"type":"binary-expr","locations":[{"start":{"line":105,"column":8},"end":{"line":105,"column":21}},{"start":{"line":105,"column":25},"end":{"line":105,"column":35}}]},"14":{"loc":{"start":{"line":111,"column":4},"end":{"line":116,"column":5}},"type":"if","locations":[{"start":{"line":111,"column":4},"end":{"line":116,"column":5}},{"start":{"line":114,"column":11},"end":{"line":116,"column":5}}]},"15":{"loc":{"start":{"line":112,"column":6},"end":{"line":112,"column":62}},"type":"if","locations":[{"start":{"line":112,"column":6},"end":{"line":112,"column":62}},{"start":{},"end":{}}]}},"s":{"0":1,"1":1,"2":1,"3":2,"4":0,"5":2,"6":2,"7":1,"8":0,"9":0,"10":0,"11":0,"12":0,"13":0,"14":0,"15":0,"16":0,"17":0,"18":0,"19":0,"20":0,"21":0,"22":0,"23":0,"24":0,"25":0,"26":0,"27":0,"28":0,"29":0,"30":0,"31":0,"32":0,"33":0,"34":0,"35":0,"36":0,"37":0,"38":0,"39":0,"40":0,"41":0,"42":0,"43":0,"44":0,"45":0,"46":0,"47":1},"f":{"0":2,"1":0,"2":0,"3":0,"4":0,"5":0},"b":{"0":[0,2],"1":[0,0],"2":[0,0,0],"3":[0,0],"4":[0,0],"5":[0,0],"6":[0,0],"7":[0,0],"8":[0,0],"9":[0,0],"10":[0,0],"11":[0,0],"12":[0,0],"13":[0,0],"14":[0,0],"15":[0,0]}}
,"/Users/liunuodi/Desktop/RealTimeTickingSystem/backend/src/controllers/cases.controller.ts": {"path":"/Users/liunuodi/Desktop/RealTimeTickingSystem/backend/src/controllers/cases.controller.ts","statementMap":{"0":{"start":{"line":1,"column":0},"end":{"line":1,"column":56}},"1":{"start":{"line":5,"column":4},"end":{"line":10,"column":5}},"2":{"start":{"line":6,"column":20},"end":{"line":6,"column":71}},"3":{"start":{"line":7,"column":6},"end":{"line":7,"column":34}},"4":{"start":{"line":9,"column":6},"end":{"line":9,"column":16}},"5":{"start":{"line":14,"column":4},"end":{"line":19,"column":5}},"6":{"start":{"line":15,"column":22},"end":{"line":15,"column":59}},"7":{"start":{"line":16,"column":6},"end":{"line":16,"column":36}},"8":{"start":{"line":18,"column":6},"end":{"line":18,"column":16}},"9":{"start":{"line":23,"column":4},"end":{"line":28,"column":5}},"10":{"start":{"line":24,"column":20},"end":{"line":24,"column":75}},"11":{"start":{"line":25,"column":6},"end":{"line":25,"column":34}},"12":{"start":{"line":27,"column":6},"end":{"line":27,"column":16}},"13":{"start":{"line":32,"column":4},"end":{"line":37,"column":5}},"14":{"start":{"line":33,"column":20},"end":{"line":33,"column":64}},"15":{"start":{"line":34,"column":6},"end":{"line":34,"column":34}},"16":{"start":{"line":36,"column":6},"end":{"line":36,"column":16}},"17":{"start":{"line":41,"column":4},"end":{"line":46,"column":5}},"18":{"start":{"line":42,"column":22},"end":{"line":42,"column":67}},"19":{"start":{"line":43,"column":6},"end":{"line":43,"column":36}},"20":{"start":{"line":45,"column":6},"end":{"line":45,"column":16}},"21":{"start":{"line":3,"column":0},"end":{"line":3,"column":13}}},"fnMap":{"0":{"name":"(anonymous_0)","decl":{"start":{"line":4,"column":2},"end":{"line":4,"column":8}},"loc":{"start":{"line":4,"column":59},"end":{"line":11,"column":3}}},"1":{"name":"(anonymous_1)","decl":{"start":{"line":13,"column":2},"end":{"line":13,"column":8}},"loc":{"start":{"line":13,"column":53},"end":{"line":20,"column":3}}},"2":{"name":"(anonymous_2)","decl":{"start":{"line":22,"column":2},"end":{"line":22,"column":8}},"loc":{"start":{"line":22,"column":53},"end":{"line":29,"column":3}}},"3":{"name":"(anonymous_3)","decl":{"start":{"line":31,"column":2},"end":{"line":31,"column":8}},"loc":{"start":{"line":31,"column":57},"end":{"line":38,"column":3}}},"4":{"name":"(anonymous_4)","decl":{"start":{"line":40,"column":2},"end":{"line":40,"column":8}},"loc":{"start":{"line":40,"column":56},"end":{"line":47,"column":3}}}},"branchMap":{},"s":{"0":1,"1":0,"2":0,"3":0,"4":0,"5":0,"6":0,"7":0,"8":0,"9":0,"10":0,"11":0,"12":0,"13":0,"14":0,"15":0,"16":0,"17":0,"18":0,"19":0,"20":0,"21":1},"f":{"0":0,"1":0,"2":0,"3":0,"4":0},"b":{}}
,"/Users/liunuodi/Desktop/RealTimeTickingSystem/backend/src/middlewares/auth.middleware.ts": {"path":"/Users/liunuodi/Desktop/RealTimeTickingSystem/backend/src/middlewares/auth.middleware.ts","statementMap":{"0":{"start":{"line":20,"column":0},"end":{"line":20,"column":16}},"1":{"start":{"line":40,"column":0},"end":{"line":40,"column":16}},"2":{"start":{"line":54,"column":0},"end":{"line":54,"column":16}},"3":{"start":{"line":3,"column":0},"end":{"line":3,"column":31}},"4":{"start":{"line":4,"column":0},"end":{"line":4,"column":37}},"5":{"start":{"line":21,"column":14},"end":{"line":21,"column":41}},"6":{"start":{"line":22,"column":2},"end":{"line":24,"column":3}},"7":{"start":{"line":23,"column":4},"end":{"line":23,"column":54}},"8":{"start":{"line":26,"column":16},"end":{"line":26,"column":43}},"9":{"start":{"line":27,"column":2},"end":{"line":37,"column":3}},"10":{"start":{"line":28,"column":20},"end":{"line":28,"column":69}},"11":{"start":{"line":29,"column":4},"end":{"line":33,"column":6}},"12":{"start":{"line":34,"column":4},"end":{"line":34,"column":11}},"13":{"start":{"line":36,"column":4},"end":{"line":36,"column":46}},"14":{"start":{"line":41,"column":2},"end":{"line":51,"column":4}},"15":{"start":{"line":42,"column":4},"end":{"line":42,"column":60}},"16":{"start":{"line":42,"column":19},"end":{"line":42,"column":60}},"17":{"start":{"line":44,"column":20},"end":{"line":44,"column":45}},"18":{"start":{"line":45,"column":4},"end":{"line":45,"column":31}},"19":{"start":{"line":45,"column":17},"end":{"line":45,"column":31}},"20":{"start":{"line":47,"column":20},"end":{"line":47,"column":41}},"21":{"start":{"line":48,"column":4},"end":{"line":48,"column":58}},"22":{"start":{"line":48,"column":44},"end":{"line":48,"column":58}},"23":{"start":{"line":50,"column":4},"end":{"line":50,"column":42}},"24":{"start":{"line":55,"column":2},"end":{"line":60,"column":4}},"25":{"start":{"line":56,"column":4},"end":{"line":58,"column":5}},"26":{"start":{"line":57,"column":6},"end":{"line":57,"column":58}},"27":{"start":{"line":59,"column":4},"end":{"line":59,"column":11}},"28":{"start":{"line":63,"column":13},"end":{"line":63,"column":49}},"29":{"start":{"line":64,"column":13},"end":{"line":64,"column":49}}},"fnMap":{"0":{"name":"requireAuth","decl":{"start":{"line":20,"column":16},"end":{"line":20,"column":27}},"loc":{"start":{"line":20,"column":76},"end":{"line":38,"column":1}}},"1":{"name":"requireAdminOrOwner","decl":{"start":{"line":40,"column":16},"end":{"line":40,"column":35}},"loc":{"start":{"line":40,"column":88},"end":{"line":52,"column":1}}},"2":{"name":"(anonymous_3)","decl":{"start":{"line":41,"column":9},"end":{"line":41,"column":14}},"loc":{"start":{"line":41,"column":68},"end":{"line":51,"column":3}}},"3":{"name":"requireRole","decl":{"start":{"line":54,"column":16},"end":{"line":54,"column":27}},"loc":{"start":{"line":54,"column":51},"end":{"line":61,"column":1}}},"4":{"name":"(anonymous_5)","decl":{"start":{"line":55,"column":9},"end":{"line":55,"column":19}},"loc":{"start":{"line":55,"column":49},"end":{"line":60,"column":3}}}},"branchMap":{"0":{"loc":{"start":{"line":22,"column":2},"end":{"line":24,"column":3}},"type":"if","locations":[{"start":{"line":22,"column":2},"end":{"line":24,"column":3}},{"start":{},"end":{}}]},"1":{"loc":{"start":{"line":22,"column":7},"end":{"line":22,"column":33}},"type":"cond-expr","locations":[{"start":{"line":22,"column":10},"end":{"line":22,"column":12}},{"start":{"line":22,"column":7},"end":{"line":22,"column":33}}]},"2":{"loc":{"start":{"line":22,"column":7},"end":{"line":22,"column":12}},"type":"binary-expr","locations":[{"start":{"line":22,"column":7},"end":{"line":22,"column":12}},{"start":{"line":22,"column":7},"end":{"line":22,"column":12}}]},"3":{"loc":{"start":{"line":31,"column":19},"end":{"line":31,"column":42}},"type":"binary-expr","locations":[{"start":{"line":31,"column":19},"end":{"line":31,"column":31}},{"start":{"line":31,"column":35},"end":{"line":31,"column":42}}]},"4":{"loc":{"start":{"line":42,"column":4},"end":{"line":42,"column":60}},"type":"if","locations":[{"start":{"line":42,"column":4},"end":{"line":42,"column":60}},{"start":{},"end":{}}]},"5":{"loc":{"start":{"line":45,"column":4},"end":{"line":45,"column":31}},"type":"if","locations":[{"start":{"line":45,"column":4},"end":{"line":45,"column":31}},{"start":{},"end":{}}]},"6":{"loc":{"start":{"line":48,"column":4},"end":{"line":48,"column":58}},"type":"if","locations":[{"start":{"line":48,"column":4},"end":{"line":48,"column":58}},{"start":{},"end":{}}]},"7":{"loc":{"start":{"line":48,"column":8},"end":{"line":48,"column":42}},"type":"binary-expr","locations":[{"start":{"line":48,"column":8},"end":{"line":48,"column":15}},{"start":{"line":48,"column":19},"end":{"line":48,"column":42}}]},"8":{"loc":{"start":{"line":56,"column":4},"end":{"line":58,"column":5}},"type":"if","locations":[{"start":{"line":56,"column":4},"end":{"line":58,"column":5}},{"start":{},"end":{}}]},"9":{"loc":{"start":{"line":56,"column":8},"end":{"line":56,"column":43}},"type":"binary-expr","locations":[{"start":{"line":56,"column":8},"end":{"line":56,"column":17}},{"start":{"line":56,"column":21},"end":{"line":56,"column":43}}]}},"s":{"0":0,"1":0,"2":0,"3":0,"4":0,"5":0,"6":0,"7":0,"8":0,"9":0,"10":0,"11":0,"12":0,"13":0,"14":0,"15":0,"16":0,"17":0,"18":0,"19":0,"20":0,"21":0,"22":0,"23":0,"24":0,"25":0,"26":0,"27":0,"28":0,"29":0},"f":{"0":0,"1":0,"2":0,"3":0,"4":0},"b":{"0":[0,0],"1":[0,0],"2":[0,0],"3":[0,0],"4":[0,0],"5":[0,0],"6":[0,0],"7":[0,0],"8":[0,0],"9":[0,0]}}
,"/Users/liunuodi/Desktop/RealTimeTickingSystem/backend/src/middlewares/error.middleware.ts": {"path":"/Users/liunuodi/Desktop/RealTimeTickingSystem/backend/src/middlewares/error.middleware.ts","statementMap":{"0":{"start":{"line":3,"column":0},"end":{"line":3,"column":79}},"1":{"start":{"line":4,"column":0},"end":{"line":4,"column":140}},"2":{"start":{"line":6,"column":49},"end":{"line":50,"column":1}},"3":{"start":{"line":7,"column":2},"end":{"line":7,"column":21}},"4":{"start":{"line":9,"column":2},"end":{"line":15,"column":3}},"5":{"start":{"line":10,"column":4},"end":{"line":13,"column":7}},"6":{"start":{"line":14,"column":4},"end":{"line":14,"column":11}},"7":{"start":{"line":17,"column":2},"end":{"line":20,"column":3}},"8":{"start":{"line":18,"column":4},"end":{"line":18,"column":49}},"9":{"start":{"line":19,"column":4},"end":{"line":19,"column":11}},"10":{"start":{"line":22,"column":2},"end":{"line":25,"column":3}},"11":{"start":{"line":23,"column":4},"end":{"line":23,"column":49}},"12":{"start":{"line":24,"column":4},"end":{"line":24,"column":11}},"13":{"start":{"line":26,"column":2},"end":{"line":29,"column":3}},"14":{"start":{"line":27,"column":4},"end":{"line":27,"column":49}},"15":{"start":{"line":28,"column":4},"end":{"line":28,"column":11}},"16":{"start":{"line":30,"column":2},"end":{"line":33,"column":3}},"17":{"start":{"line":31,"column":4},"end":{"line":31,"column":54}},"18":{"start":{"line":32,"column":4},"end":{"line":32,"column":11}},"19":{"start":{"line":34,"column":2},"end":{"line":37,"column":3}},"20":{"start":{"line":35,"column":4},"end":{"line":35,"column":54}},"21":{"start":{"line":36,"column":4},"end":{"line":36,"column":11}},"22":{"start":{"line":38,"column":2},"end":{"line":41,"column":3}},"23":{"start":{"line":39,"column":4},"end":{"line":39,"column":67}},"24":{"start":{"line":40,"column":4},"end":{"line":40,"column":11}},"25":{"start":{"line":42,"column":2},"end":{"line":45,"column":3}},"26":{"start":{"line":43,"column":4},"end":{"line":43,"column":49}},"27":{"start":{"line":44,"column":4},"end":{"line":44,"column":11}},"28":{"start":{"line":48,"column":2},"end":{"line":48,"column":63}},"29":{"start":{"line":49,"column":2},"end":{"line":49,"column":9}},"30":{"start":{"line":6,"column":13},"end":{"line":6,"column":49}}},"fnMap":{"0":{"name":"(anonymous_0)","decl":{"start":{"line":6,"column":49},"end":{"line":6,"column":50}},"loc":{"start":{"line":6,"column":81},"end":{"line":50,"column":1}}}},"branchMap":{"0":{"loc":{"start":{"line":9,"column":2},"end":{"line":15,"column":3}},"type":"if","locations":[{"start":{"line":9,"column":2},"end":{"line":15,"column":3}},{"start":{},"end":{}}]},"1":{"loc":{"start":{"line":17,"column":2},"end":{"line":20,"column":3}},"type":"if","locations":[{"start":{"line":17,"column":2},"end":{"line":20,"column":3}},{"start":{},"end":{}}]},"2":{"loc":{"start":{"line":22,"column":2},"end":{"line":25,"column":3}},"type":"if","locations":[{"start":{"line":22,"column":2},"end":{"line":25,"column":3}},{"start":{},"end":{}}]},"3":{"loc":{"start":{"line":26,"column":2},"end":{"line":29,"column":3}},"type":"if","locations":[{"start":{"line":26,"column":2},"end":{"line":29,"column":3}},{"start":{},"end":{}}]},"4":{"loc":{"start":{"line":30,"column":2},"end":{"line":33,"column":3}},"type":"if","locations":[{"start":{"line":30,"column":2},"end":{"line":33,"column":3}},{"start":{},"end":{}}]},"5":{"loc":{"start":{"line":34,"column":2},"end":{"line":37,"column":3}},"type":"if","locations":[{"start":{"line":34,"column":2},"end":{"line":37,"column":3}},{"start":{},"end":{}}]},"6":{"loc":{"start":{"line":38,"column":2},"end":{"line":41,"column":3}},"type":"if","locations":[{"start":{"line":38,"column":2},"end":{"line":41,"column":3}},{"start":{},"end":{}}]},"7":{"loc":{"start":{"line":39,"column":15},"end":{"line":39,"column":36}},"type":"binary-expr","locations":[{"start":{"line":39,"column":15},"end":{"line":39,"column":29}},{"start":{"line":39,"column":33},"end":{"line":39,"column":36}}]},"8":{"loc":{"start":{"line":42,"column":2},"end":{"line":45,"column":3}},"type":"if","locations":[{"start":{"line":42,"column":2},"end":{"line":45,"column":3}},{"start":{},"end":{}}]}},"s":{"0":1,"1":1,"2":1,"3":1,"4":1,"5":0,"6":0,"7":1,"8":0,"9":0,"10":1,"11":0,"12":0,"13":1,"14":0,"15":0,"16":1,"17":0,"18":0,"19":1,"20":0,"21":0,"22":1,"23":0,"24":0,"25":1,"26":0,"27":0,"28":1,"29":1,"30":1},"f":{"0":1},"b":{"0":[0,1],"1":[0,1],"2":[0,1],"3":[0,1],"4":[0,1],"5":[0,1],"6":[0,1],"7":[0,0],"8":[0,1]}}
,"/Users/liunuodi/Desktop/RealTimeTickingSystem/backend/src/routers/auth.router.ts": {"path":"/Users/liunuodi/Desktop/RealTimeTickingSystem/backend/src/routers/auth.router.ts","statementMap":{"0":{"start":{"line":1,"column":0},"end":{"line":1,"column":33}},"1":{"start":{"line":2,"column":0},"end":{"line":2,"column":64}},"2":{"start":{"line":3,"column":0},"end":{"line":3,"column":61}},"3":{"start":{"line":5,"column":15},"end":{"line":5,"column":23}},"4":{"start":{"line":8,"column":0},"end":{"line":8,"column":null}},"5":{"start":{"line":9,"column":0},"end":{"line":9,"column":50}},"6":{"start":{"line":10,"column":0},"end":{"line":10,"column":44}},"7":{"start":{"line":11,"column":0},"end":{"line":11,"column":48}},"8":{"start":{"line":12,"column":0},"end":{"line":12,"column":46}},"9":{"start":{"line":14,"column":0},"end":{"line":14,"column":22}}},"fnMap":{},"branchMap":{},"s":{"0":1,"1":1,"2":1,"3":1,"4":1,"5":1,"6":1,"7":1,"8":1,"9":1},"f":{},"b":{}}
,"/Users/liunuodi/Desktop/RealTimeTickingSystem/backend/src/routers/cases.router.ts": {"path":"/Users/liunuodi/Desktop/RealTimeTickingSystem/backend/src/routers/cases.router.ts","statementMap":{"0":{"start":{"line":1,"column":0},"end":{"line":1,"column":66}},"1":{"start":{"line":2,"column":0},"end":{"line":2,"column":33}},"2":{"start":{"line":3,"column":0},"end":{"line":3,"column":62}},"3":{"start":{"line":5,"column":15},"end":{"line":5,"column":23}},"4":{"start":{"line":7,"column":0},"end":{"line":7,"column":43}},"5":{"start":{"line":10,"column":0},"end":{"line":10,"column":62}},"6":{"start":{"line":13,"column":0},"end":{"line":13,"column":65}},"7":{"start":{"line":16,"column":0},"end":{"line":16,"column":70}},"8":{"start":{"line":19,"column":0},"end":{"line":19,"column":71}},"9":{"start":{"line":21,"column":0},"end":{"line":21,"column":22}}},"fnMap":{},"branchMap":{},"s":{"0":1,"1":1,"2":1,"3":1,"4":1,"5":1,"6":1,"7":1,"8":1,"9":1},"f":{},"b":{}}
,"/Users/liunuodi/Desktop/RealTimeTickingSystem/backend/src/services/auth.service.ts": {"path":"/Users/liunuodi/Desktop/RealTimeTickingSystem/backend/src/services/auth.service.ts","statementMap":{"0":{"start":{"line":2,"column":0},"end":{"line":2,"column":28}},"1":{"start":{"line":3,"column":0},"end":{"line":3,"column":39}},"2":{"start":{"line":4,"column":0},"end":{"line":4,"column":31}},"3":{"start":{"line":9,"column":22},"end":{"line":9,"column":41}},"4":{"start":{"line":10,"column":21},"end":{"line":10,"column":76}},"5":{"start":{"line":12,"column":23},"end":{"line":18,"column":10}},"6":{"start":{"line":20,"column":8},"end":{"line":20,"column":33}},"7":{"start":{"line":24,"column":21},"end":{"line":24,"column":76}},"8":{"start":{"line":26,"column":23},"end":{"line":32,"column":10}},"9":{"start":{"line":34,"column":8},"end":{"line":34,"column":33}},"10":{"start":{"line":34,"column":21},"end":{"line":34,"column":33}},"11":{"start":{"line":36,"column":8},"end":{"line":39,"column":11}},"12":{"start":{"line":41,"column":8},"end":{"line":41,"column":22}},"13":{"start":{"line":45,"column":29},"end":{"line":45,"column":67}},"14":{"start":{"line":46,"column":21},"end":{"line":46,"column":83}},"15":{"start":{"line":48,"column":24},"end":{"line":56,"column":10}},"16":{"start":{"line":59,"column":22},"end":{"line":59,"column":79}},"17":{"start":{"line":60,"column":28},"end":{"line":63,"column":null}},"18":{"start":{"line":67,"column":8},"end":{"line":71,"column":11}},"19":{"start":{"line":73,"column":8},"end":{"line":73,"column":84}},"20":{"start":{"line":77,"column":21},"end":{"line":77,"column":83}},"21":{"start":{"line":79,"column":24},"end":{"line":85,"column":10}},"22":{"start":{"line":87,"column":8},"end":{"line":87,"column":34}},"23":{"start":{"line":87,"column":22},"end":{"line":87,"column":34}},"24":{"start":{"line":90,"column":8},"end":{"line":93,"column":11}},"25":{"start":{"line":96,"column":28},"end":{"line":99,"column":null}},"26":{"start":{"line":102,"column":8},"end":{"line":102,"column":31}},"27":{"start":{"line":106,"column":21},"end":{"line":106,"column":83}},"28":{"start":{"line":108,"column":24},"end":{"line":111,"column":10}},"29":{"start":{"line":113,"column":8},"end":{"line":113,"column":29}},"30":{"start":{"line":117,"column":24},"end":{"line":120,"column":10}},"31":{"start":{"line":121,"column":8},"end":{"line":121,"column":29}},"32":{"start":{"line":7,"column":0},"end":{"line":7,"column":13}}},"fnMap":{"0":{"name":"(anonymous_1)","decl":{"start":{"line":8,"column":4},"end":{"line":8,"column":10}},"loc":{"start":{"line":8,"column":44},"end":{"line":21,"column":5}}},"1":{"name":"(anonymous_2)","decl":{"start":{"line":23,"column":4},"end":{"line":23,"column":10}},"loc":{"start":{"line":23,"column":40},"end":{"line":42,"column":5}}},"2":{"name":"(anonymous_3)","decl":{"start":{"line":44,"column":4},"end":{"line":44,"column":10}},"loc":{"start":{"line":44,"column":75},"end":{"line":74,"column":5}}},"3":{"name":"(anonymous_4)","decl":{"start":{"line":76,"column":4},"end":{"line":76,"column":10}},"loc":{"start":{"line":76,"column":52},"end":{"line":103,"column":5}}},"4":{"name":"(anonymous_5)","decl":{"start":{"line":105,"column":4},"end":{"line":105,"column":10}},"loc":{"start":{"line":105,"column":60},"end":{"line":114,"column":5}}},"5":{"name":"(anonymous_6)","decl":{"start":{"line":116,"column":4},"end":{"line":116,"column":10}},"loc":{"start":{"line":116,"column":57},"end":{"line":122,"column":5}}}},"branchMap":{"0":{"loc":{"start":{"line":34,"column":8},"end":{"line":34,"column":33}},"type":"if","locations":[{"start":{"line":34,"column":8},"end":{"line":34,"column":33}},{"start":{},"end":{}}]},"1":{"loc":{"start":{"line":52,"column":16},"end":{"line":52,"column":47}},"type":"binary-expr","locations":[{"start":{"line":52,"column":16},"end":{"line":52,"column":41}},{"start":{"line":52,"column":45},"end":{"line":52,"column":47}}]},"2":{"loc":{"start":{"line":61,"column":34},"end":{"line":61,"column":56}},"type":"cond-expr","locations":[{"start":{"line":61,"column":45},"end":{"line":61,"column":49}},{"start":{"line":61,"column":49},"end":{"line":61,"column":56}}]},"3":{"loc":{"start":{"line":61,"column":34},"end":{"line":61,"column":49}},"type":"binary-expr","locations":[{"start":{"line":61,"column":34},"end":{"line":61,"column":49}},{"start":{"line":61,"column":45},"end":{"line":61,"column":49}}]},"4":{"loc":{"start":{"line":61,"column":34},"end":{"line":61,"column":45}},"type":"cond-expr","locations":[{"start":{"line":61,"column":39},"end":{"line":61,"column":41}},{"start":{"line":61,"column":34},"end":{"line":61,"column":45}}]},"5":{"loc":{"start":{"line":61,"column":34},"end":{"line":61,"column":41}},"type":"binary-expr","locations":[{"start":{"line":61,"column":34},"end":{"line":61,"column":41}},{"start":{"line":61,"column":34},"end":{"line":61,"column":41}}]},"6":{"loc":{"start":{"line":87,"column":8},"end":{"line":87,"column":34}},"type":"if","locations":[{"start":{"line":87,"column":8},"end":{"line":87,"column":34}},{"start":{},"end":{}}]}},"s":{"0":1,"1":1,"2":1,"3":2,"4":2,"5":2,"6":1,"7":0,"8":0,"9":0,"10":0,"11":0,"12":0,"13":0,"14":0,"15":0,"16":0,"17":0,"18":0,"19":0,"20":0,"21":0,"22":0,"23":0,"24":0,"25":0,"26":0,"27":0,"28":0,"29":0,"30":0,"31":0,"32":1},"f":{"0":2,"1":0,"2":0,"3":0,"4":0,"5":0},"b":{"0":[0,0],"1":[0,0],"2":[0,0],"3":[0,0],"4":[0,0],"5":[0,0],"6":[0,0]}}
,"/Users/liunuodi/Desktop/RealTimeTickingSystem/backend/src/services/cases.service.ts": {"path":"/Users/liunuodi/Desktop/RealTimeTickingSystem/backend/src/services/cases.service.ts","statementMap":{"0":{"start":{"line":2,"column":0},"end":{"line":2,"column":39}},"1":{"start":{"line":3,"column":0},"end":{"line":3,"column":92}},"2":{"start":{"line":7,"column":75},"end":{"line":11,"column":10}},"3":{"start":{"line":13,"column":23},"end":{"line":13,"column":85}},"4":{"start":{"line":14,"column":8},"end":{"line":17,"column":11}},"5":{"start":{"line":21,"column":42},"end":{"line":21,"column":52}},"6":{"start":{"line":22,"column":8},"end":{"line":24,"column":9}},"7":{"start":{"line":23,"column":12},"end":{"line":23,"column":69}},"8":{"start":{"line":25,"column":8},"end":{"line":25,"column":78}},"9":{"start":{"line":29,"column":23},"end":{"line":32,"column":10}},"10":{"start":{"line":33,"column":8},"end":{"line":33,"column":96}},"11":{"start":{"line":33,"column":32},"end":{"line":33,"column":96}},"12":{"start":{"line":35,"column":22},"end":{"line":35,"column":76}},"13":{"start":{"line":36,"column":8},"end":{"line":36,"column":62}},"14":{"start":{"line":36,"column":20},"end":{"line":36,"column":62}},"15":{"start":{"line":38,"column":8},"end":{"line":38,"column":21}},"16":{"start":{"line":42,"column":8},"end":{"line":63,"column":9}},"17":{"start":{"line":42,"column":27},"end":{"line":42,"column":28}},"18":{"start":{"line":44,"column":25},"end":{"line":48,"column":14}},"19":{"start":{"line":49,"column":12},"end":{"line":49,"column":66}},"20":{"start":{"line":49,"column":23},"end":{"line":49,"column":66}},"21":{"start":{"line":52,"column":28},"end":{"line":55,"column":14}},"22":{"start":{"line":57,"column":12},"end":{"line":60,"column":13}},"23":{"start":{"line":59,"column":16},"end":{"line":59,"column":81}},"24":{"start":{"line":66,"column":8},"end":{"line":66,"column":70}},"25":{"start":{"line":70,"column":8},"end":{"line":78,"column":9}},"26":{"start":{"line":71,"column":12},"end":{"line":74,"column":15}},"27":{"start":{"line":76,"column":12},"end":{"line":76,"column":81}},"28":{"start":{"line":76,"column":39},"end":{"line":76,"column":81}},"29":{"start":{"line":77,"column":12},"end":{"line":77,"column":22}},"30":{"start":{"line":5,"column":0},"end":{"line":5,"column":13}}},"fnMap":{"0":{"name":"(anonymous_0)","decl":{"start":{"line":6,"column":4},"end":{"line":6,"column":10}},"loc":{"start":{"line":6,"column":52},"end":{"line":18,"column":5}}},"1":{"name":"(anonymous_1)","decl":{"start":{"line":20,"column":4},"end":{"line":20,"column":10}},"loc":{"start":{"line":20,"column":75},"end":{"line":26,"column":5}}},"2":{"name":"(anonymous_2)","decl":{"start":{"line":28,"column":4},"end":{"line":28,"column":10}},"loc":{"start":{"line":28,"column":53},"end":{"line":39,"column":5}}},"3":{"name":"(anonymous_3)","decl":{"start":{"line":41,"column":4},"end":{"line":41,"column":10}},"loc":{"start":{"line":41,"column":62},"end":{"line":67,"column":5}}},"4":{"name":"(anonymous_4)","decl":{"start":{"line":69,"column":4},"end":{"line":69,"column":10}},"loc":{"start":{"line":69,"column":39},"end":{"line":79,"column":5}}}},"branchMap":{"0":{"loc":{"start":{"line":13,"column":23},"end":{"line":13,"column":85}},"type":"cond-expr","locations":[{"start":{"line":13,"column":73},"end":{"line":13,"column":77}},{"start":{"line":13,"column":77},"end":{"line":13,"column":85}}]},"1":{"loc":{"start":{"line":13,"column":23},"end":{"line":13,"column":77}},"type":"binary-expr","locations":[{"start":{"line":13,"column":23},"end":{"line":13,"column":77}},{"start":{"line":13,"column":73},"end":{"line":13,"column":77}}]},"2":{"loc":{"start":{"line":13,"column":34},"end":{"line":13,"column":57}},"type":"cond-expr","locations":[{"start":{"line":13,"column":34},"end":{"line":13,"column":45}},{"start":{"line":13,"column":49},"end":{"line":13,"column":57}}]},"3":{"loc":{"start":{"line":13,"column":34},"end":{"line":13,"column":49}},"type":"binary-expr","locations":[{"start":{"line":13,"column":34},"end":{"line":13,"column":49}},{"start":{"line":13,"column":34},"end":{"line":13,"column":49}}]},"4":{"loc":{"start":{"line":21,"column":42},"end":{"line":21,"column":52}},"type":"cond-expr","locations":[{"start":{"line":21,"column":42},"end":{"line":21,"column":46}},{"start":{"line":21,"column":50},"end":{"line":21,"column":52}}]},"5":{"loc":{"start":{"line":21,"column":42},"end":{"line":21,"column":50}},"type":"binary-expr","locations":[{"start":{"line":21,"column":42},"end":{"line":21,"column":50}},{"start":{"line":21,"column":42},"end":{"line":21,"column":50}}]},"6":{"loc":{"start":{"line":22,"column":8},"end":{"line":24,"column":9}},"type":"if","locations":[{"start":{"line":22,"column":8},"end":{"line":24,"column":9}},{"start":{},"end":{}}]},"7":{"loc":{"start":{"line":22,"column":12},"end":{"line":22,"column":37}},"type":"binary-expr","locations":[{"start":{"line":22,"column":12},"end":{"line":22,"column":24}},{"start":{"line":22,"column":28},"end":{"line":22,"column":37}}]},"8":{"loc":{"start":{"line":33,"column":8},"end":{"line":33,"column":96}},"type":"if","locations":[{"start":{"line":33,"column":8},"end":{"line":33,"column":96}},{"start":{},"end":{}}]},"9":{"loc":{"start":{"line":36,"column":8},"end":{"line":36,"column":62}},"type":"if","locations":[{"start":{"line":36,"column":8},"end":{"line":36,"column":62}},{"start":{},"end":{}}]},"10":{"loc":{"start":{"line":41,"column":47},"end":{"line":41,"column":62}},"type":"default-arg","locations":[{"start":{"line":41,"column":61},"end":{"line":41,"column":62}}]},"11":{"loc":{"start":{"line":49,"column":12},"end":{"line":49,"column":66}},"type":"if","locations":[{"start":{"line":49,"column":12},"end":{"line":49,"column":66}},{"start":{},"end":{}}]},"12":{"loc":{"start":{"line":57,"column":12},"end":{"line":60,"column":13}},"type":"if","locations":[{"start":{"line":57,"column":12},"end":{"line":60,"column":13}},{"start":{},"end":{}}]},"13":{"loc":{"start":{"line":76,"column":12},"end":{"line":76,"column":81}},"type":"if","locations":[{"start":{"line":76,"column":12},"end":{"line":76,"column":81}},{"start":{},"end":{}}]},"14":{"loc":{"start":{"line":76,"column":16},"end":{"line":76,"column":25}},"type":"cond-expr","locations":[{"start":{"line":76,"column":19},"end":{"line":76,"column":21}},{"start":{"line":76,"column":16},"end":{"line":76,"column":25}}]},"15":{"loc":{"start":{"line":76,"column":16},"end":{"line":76,"column":21}},"type":"binary-expr","locations":[{"start":{"line":76,"column":16},"end":{"line":76,"column":21}},{"start":{"line":76,"column":16},"end":{"line":76,"column":21}}]}},"s":{"0":1,"1":1,"2":0,"3":0,"4":0,"5":0,"6":0,"7":0,"8":0,"9":0,"10":0,"11":0,"12":0,"13":0,"14":0,"15":0,"16":0,"17":0,"18":0,"19":0,"20":0,"21":0,"22":0,"23":0,"24":0,"25":0,"26":0,"27":0,"28":0,"29":0,"30":1},"f":{"0":0,"1":0,"2":0,"3":0,"4":0},"b":{"0":[0,0],"1":[0,0],"2":[0,0],"3":[0,0],"4":[0,0],"5":[0,0],"6":[0,0],"7":[0,0],"8":[0,0],"9":[0,0],"10":[0],"11":[0,0],"12":[0,0],"13":[0,0],"14":[0,0],"15":[0,0]}}
}
