TN:
SF:src/controllers/auth.controller.ts
FN:11,(anonymous_0)
FN:25,(anonymous_1)
FN:31,(anonymous_2)
FN:65,(anonymous_3)
FN:87,(anonymous_4)
FN:101,(anonymous_5)
FNF:6
FNH:1
FNDA:2,(anonymous_0)
FNDA:0,(anonymous_1)
FNDA:0,(anonymous_2)
FNDA:0,(anonymous_3)
FNDA:0,(anonymous_4)
FNDA:0,(anonymous_5)
DA:2,1
DA:3,1
DA:4,1
DA:10,1
DA:12,2
DA:13,0
DA:16,2
DA:17,2
DA:19,1
DA:26,0
DA:29,0
DA:30,0
DA:31,0
DA:36,0
DA:37,0
DA:38,0
DA:42,0
DA:45,0
DA:46,0
DA:50,0
DA:60,0
DA:62,0
DA:66,0
DA:69,0
DA:70,0
DA:74,0
DA:77,0
DA:78,0
DA:82,0
DA:84,0
DA:88,0
DA:89,0
DA:90,0
DA:93,0
DA:94,0
DA:95,0
DA:98,0
DA:102,0
DA:103,0
DA:105,0
DA:107,0
DA:111,0
DA:112,0
DA:113,0
DA:115,0
DA:119,0
DA:121,0
LF:47
LH:8
BRDA:12,0,0,0
BRDA:12,0,1,2
BRDA:29,1,0,0
BRDA:29,1,1,0
BRDA:29,2,0,0
BRDA:29,2,1,0
BRDA:29,2,2,0
BRDA:37,3,0,0
BRDA:37,3,1,0
BRDA:45,4,0,0
BRDA:45,4,1,0
BRDA:69,5,0,0
BRDA:69,5,1,0
BRDA:77,6,0,0
BRDA:77,6,1,0
BRDA:89,7,0,0
BRDA:89,7,1,0
BRDA:94,8,0,0
BRDA:94,8,1,0
BRDA:102,9,0,0
BRDA:102,9,1,0
BRDA:102,10,0,0
BRDA:102,10,1,0
BRDA:103,11,0,0
BRDA:103,11,1,0
BRDA:105,12,0,0
BRDA:105,12,1,0
BRDA:105,13,0,0
BRDA:105,13,1,0
BRDA:111,14,0,0
BRDA:111,14,1,0
BRDA:112,15,0,0
BRDA:112,15,1,0
BRF:33
BRH:1
end_of_record
TN:
SF:src/controllers/cases.controller.ts
FN:4,(anonymous_0)
FN:13,(anonymous_1)
FN:22,(anonymous_2)
FN:31,(anonymous_3)
FN:40,(anonymous_4)
FNF:5
FNH:0
FNDA:0,(anonymous_0)
FNDA:0,(anonymous_1)
FNDA:0,(anonymous_2)
FNDA:0,(anonymous_3)
FNDA:0,(anonymous_4)
DA:1,1
DA:3,1
DA:5,0
DA:6,0
DA:7,0
DA:9,0
DA:14,0
DA:15,0
DA:16,0
DA:18,0
DA:23,0
DA:24,0
DA:25,0
DA:27,0
DA:32,0
DA:33,0
DA:34,0
DA:36,0
DA:41,0
DA:42,0
DA:43,0
DA:45,0
LF:22
LH:2
BRF:0
BRH:0
end_of_record
TN:
SF:src/middlewares/auth.middleware.ts
FN:20,requireAuth
FN:40,requireAdminOrOwner
FN:41,(anonymous_3)
FN:54,requireRole
FN:55,(anonymous_5)
FNF:5
FNH:0
FNDA:0,requireAuth
FNDA:0,requireAdminOrOwner
FNDA:0,(anonymous_3)
FNDA:0,requireRole
FNDA:0,(anonymous_5)
DA:3,0
DA:4,0
DA:20,0
DA:21,0
DA:22,0
DA:23,0
DA:26,0
DA:27,0
DA:28,0
DA:29,0
DA:34,0
DA:36,0
DA:40,0
DA:41,0
DA:42,0
DA:44,0
DA:45,0
DA:47,0
DA:48,0
DA:50,0
DA:54,0
DA:55,0
DA:56,0
DA:57,0
DA:59,0
DA:63,0
DA:64,0
LF:27
LH:0
BRDA:22,0,0,0
BRDA:22,0,1,0
BRDA:22,1,0,0
BRDA:22,1,1,0
BRDA:22,2,0,0
BRDA:22,2,1,0
BRDA:31,3,0,0
BRDA:31,3,1,0
BRDA:42,4,0,0
BRDA:42,4,1,0
BRDA:45,5,0,0
BRDA:45,5,1,0
BRDA:48,6,0,0
BRDA:48,6,1,0
BRDA:48,7,0,0
BRDA:48,7,1,0
BRDA:56,8,0,0
BRDA:56,8,1,0
BRDA:56,9,0,0
BRDA:56,9,1,0
BRF:20
BRH:0
end_of_record
TN:
SF:src/middlewares/error.middleware.ts
FN:6,(anonymous_0)
FNF:1
FNH:1
FNDA:1,(anonymous_0)
DA:3,1
DA:4,1
DA:6,1
DA:7,1
DA:9,1
DA:10,0
DA:14,0
DA:17,1
DA:18,0
DA:19,0
DA:22,1
DA:23,0
DA:24,0
DA:26,1
DA:27,0
DA:28,0
DA:30,1
DA:31,0
DA:32,0
DA:34,1
DA:35,0
DA:36,0
DA:38,1
DA:39,0
DA:40,0
DA:42,1
DA:43,0
DA:44,0
DA:48,1
DA:49,1
LF:30
LH:14
BRDA:9,0,0,0
BRDA:9,0,1,1
BRDA:17,1,0,0
BRDA:17,1,1,1
BRDA:22,2,0,0
BRDA:22,2,1,1
BRDA:26,3,0,0
BRDA:26,3,1,1
BRDA:30,4,0,0
BRDA:30,4,1,1
BRDA:34,5,0,0
BRDA:34,5,1,1
BRDA:38,6,0,0
BRDA:38,6,1,1
BRDA:39,7,0,0
BRDA:39,7,1,0
BRDA:42,8,0,0
BRDA:42,8,1,1
BRF:18
BRH:8
end_of_record
TN:
SF:src/routers/auth.router.ts
FNF:0
FNH:0
DA:1,1
DA:2,1
DA:3,1
DA:5,1
DA:8,1
DA:9,1
DA:10,1
DA:11,1
DA:12,1
DA:14,1
LF:10
LH:10
BRF:0
BRH:0
end_of_record
TN:
SF:src/routers/cases.router.ts
FNF:0
FNH:0
DA:1,1
DA:2,1
DA:3,1
DA:5,1
DA:7,1
DA:10,1
DA:13,1
DA:16,1
DA:19,1
DA:21,1
LF:10
LH:10
BRF:0
BRH:0
end_of_record
TN:
SF:src/services/auth.service.ts
FN:8,(anonymous_1)
FN:23,(anonymous_2)
FN:44,(anonymous_3)
FN:76,(anonymous_4)
FN:105,(anonymous_5)
FN:116,(anonymous_6)
FNF:6
FNH:1
FNDA:2,(anonymous_1)
FNDA:0,(anonymous_2)
FNDA:0,(anonymous_3)
FNDA:0,(anonymous_4)
FNDA:0,(anonymous_5)
FNDA:0,(anonymous_6)
DA:2,1
DA:3,1
DA:4,1
DA:7,1
DA:9,2
DA:10,2
DA:12,2
DA:20,1
DA:24,0
DA:26,0
DA:34,0
DA:36,0
DA:41,0
DA:45,0
DA:46,0
DA:48,0
DA:59,0
DA:60,0
DA:67,0
DA:73,0
DA:77,0
DA:79,0
DA:87,0
DA:90,0
DA:96,0
DA:102,0
DA:106,0
DA:108,0
DA:113,0
DA:117,0
DA:121,0
LF:31
LH:8
BRDA:34,0,0,0
BRDA:34,0,1,0
BRDA:52,1,0,0
BRDA:52,1,1,0
BRDA:61,2,0,0
BRDA:61,2,1,0
BRDA:61,3,0,0
BRDA:61,3,1,0
BRDA:61,4,0,0
BRDA:61,4,1,0
BRDA:61,5,0,0
BRDA:61,5,1,0
BRDA:87,6,0,0
BRDA:87,6,1,0
BRF:14
BRH:0
end_of_record
TN:
SF:src/services/cases.service.ts
FN:6,(anonymous_0)
FN:20,(anonymous_1)
FN:28,(anonymous_2)
FN:41,(anonymous_3)
FN:69,(anonymous_4)
FNF:5
FNH:0
FNDA:0,(anonymous_0)
FNDA:0,(anonymous_1)
FNDA:0,(anonymous_2)
FNDA:0,(anonymous_3)
FNDA:0,(anonymous_4)
DA:2,1
DA:3,1
DA:5,1
DA:7,0
DA:13,0
DA:14,0
DA:21,0
DA:22,0
DA:23,0
DA:25,0
DA:29,0
DA:33,0
DA:35,0
DA:36,0
DA:38,0
DA:42,0
DA:44,0
DA:49,0
DA:52,0
DA:57,0
DA:59,0
DA:66,0
DA:70,0
DA:71,0
DA:76,0
DA:77,0
LF:26
LH:3
BRDA:13,0,0,0
BRDA:13,0,1,0
BRDA:13,1,0,0
BRDA:13,1,1,0
BRDA:13,2,0,0
BRDA:13,2,1,0
BRDA:13,3,0,0
BRDA:13,3,1,0
BRDA:21,4,0,0
BRDA:21,4,1,0
BRDA:21,5,0,0
BRDA:21,5,1,0
BRDA:22,6,0,0
BRDA:22,6,1,0
BRDA:22,7,0,0
BRDA:22,7,1,0
BRDA:33,8,0,0
BRDA:33,8,1,0
BRDA:36,9,0,0
BRDA:36,9,1,0
BRDA:41,10,0,0
BRDA:49,11,0,0
BRDA:49,11,1,0
BRDA:57,12,0,0
BRDA:57,12,1,0
BRDA:76,13,0,0
BRDA:76,13,1,0
BRDA:76,14,0,0
BRDA:76,14,1,0
BRDA:76,15,0,0
BRDA:76,15,1,0
BRF:31
BRH:0
end_of_record
